0 info it worked if it ends with ok
1 verbose cli [ '/usr/local/bin/node', '/usr/local/bin/npm', 'run', 'build' ]
2 info using npm@2.1.17
3 info using node@v4.4.7
4 verbose stack Error: missing script: build
4 verbose stack     at run (/usr/local/lib/node_modules/npm/lib/run-script.js:130:19)
4 verbose stack     at /usr/local/lib/node_modules/npm/lib/run-script.js:81:5
4 verbose stack     at /usr/local/lib/node_modules/npm/node_modules/read-package-json/read-json.js:51:40
4 verbose stack     at final (/usr/local/lib/node_modules/npm/node_modules/read-package-json/read-json.js:349:17)
4 verbose stack     at then (/usr/local/lib/node_modules/npm/node_modules/read-package-json/read-json.js:126:33)
4 verbose stack     at /usr/local/lib/node_modules/npm/node_modules/read-package-json/read-json.js:331:40
4 verbose stack     at FSReqWrap.readFileAfterClose [as oncomplete] (evalmachine.<anonymous>:380:3)
5 verbose cwd /Users/brandon/sites/assessment
6 error Darwin 15.6.0
7 error argv "/usr/local/bin/node" "/usr/local/bin/npm" "run" "build"
8 error node v4.4.7
9 error npm  v2.1.17
10 error missing script: build
11 error If you need help, you may report this error at:
11 error     <http://github.com/npm/npm/issues>
12 verbose exit [ 1, true ]
